2023-04-13 16:27:53 -Starting ServiceApplication on DESKTOP-NI2BAP4 with PID 10388 (E:\IDEAWorkP\im-system\service\target\classes started by MasterCai in E:\IDEAWorkP\im-system)
2023-04-13 16:27:53 -The following profiles are active: dev
2023-04-13 16:27:54 -Tomcat initialized with port(s): 8000 (http)
2023-04-13 16:27:54 -Initializing ProtocolHandler ["http-nio-8000"]
2023-04-13 16:27:54 -Starting service [Tomcat]
2023-04-13 16:27:54 -Starting Servlet engine: [Apache Tomcat/9.0.37]
2023-04-13 16:27:54 -Loaded Apache Tomcat Native library [1.2.30] using APR version [1.7.0].
2023-04-13 16:27:54 -APR capabilities: IPv6 [true], sendfile [true], accept filters [false], random [true].
2023-04-13 16:27:54 -APR/OpenSSL configuration: useAprConnector [false], useOpenSSL [true]
2023-04-13 16:27:54 -OpenSSL successfully initialized [OpenSSL 1.1.1k  25 Mar 2021]
2023-04-13 16:27:54 -Initializing Spring embedded WebApplicationContext
2023-04-13 16:27:54 -Root WebApplicationContext: initialization completed in 867 ms
2023-04-13 16:27:55 -Initializing ExecutorService 'applicationTaskExecutor'
2023-04-13 16:27:55 -Starting ProtocolHandler ["http-nio-8000"]
2023-04-13 16:27:56 -Tomcat started on port(s): 8000 (http) with context path ''
2023-04-13 16:27:56 -Started ServiceApplication in 2.915 seconds (JVM running for 4.249)
2023-04-13 16:30:10 -Initializing Spring DispatcherServlet 'dispatcherServlet'
2023-04-13 16:30:10 -Initializing Servlet 'dispatcherServlet'
2023-04-13 16:30:10 -Completed initialization in 5 ms
2023-04-13 16:42:57 -Shutting down ExecutorService 'applicationTaskExecutor'
