2023-04-03 20:09:21 -Starting ServiceApplication on DESKTOP-NI2BAP4 with PID 22996 (E:\IDEAWorkP\im-system\service\target\classes started by MasterCai in E:\IDEAWorkP\im-system)
2023-04-03 20:09:21 -The following profiles are active: dev
2023-04-03 20:09:21 -Tomcat initialized with port(s): 8000 (http)
2023-04-03 20:09:21 -Initializing ProtocolHandler ["http-nio-8000"]
2023-04-03 20:09:21 -Starting service [Tomcat]
2023-04-03 20:09:21 -Starting Servlet engine: [Apache Tomcat/9.0.37]
2023-04-03 20:09:21 -Loaded Apache Tomcat Native library [1.2.30] using APR version [1.7.0].
2023-04-03 20:09:21 -APR capabilities: IPv6 [true], sendfile [true], accept filters [false], random [true].
2023-04-03 20:09:21 -APR/OpenSSL configuration: useAprConnector [false], useOpenSSL [true]
2023-04-03 20:09:22 -OpenSSL successfully initialized [OpenSSL 1.1.1k  25 Mar 2021]
2023-04-03 20:09:22 -Initializing Spring embedded WebApplicationContext
2023-04-03 20:09:22 -Root WebApplicationContext: initialization completed in 853 ms
2023-04-03 20:09:23 -Initializing ExecutorService 'applicationTaskExecutor'
2023-04-03 20:09:23 -Starting ProtocolHandler ["http-nio-8000"]
2023-04-03 20:09:23 -Tomcat started on port(s): 8000 (http) with context path ''
2023-04-03 20:09:23 -Started ServiceApplication in 2.837 seconds (JVM running for 3.913)
2023-04-03 20:10:07 -Initializing Spring DispatcherServlet 'dispatcherServlet'
2023-04-03 20:10:07 -Initializing Servlet 'dispatcherServlet'
2023-04-03 20:10:07 -Completed initialization in 4 ms
2023-04-03 20:10:07 -HikariPool-1 - Starting...
2023-04-03 20:10:08 -HikariPool-1 - Start completed.
