2023-04-01 16:25:18 -Starting ServiceApplication on DESKTOP-NI2BAP4 with PID 11232 (E:\IDEAWorkP\im-system\service\target\classes started by MasterCai in E:\IDEAWorkP\im-system)
2023-04-01 16:25:18 -The following profiles are active: dev
2023-04-01 16:25:19 -Tomcat initialized with port(s): 8000 (http)
2023-04-01 16:25:19 -Initializing ProtocolHandler ["http-nio-8000"]
2023-04-01 16:25:19 -Starting service [Tomcat]
2023-04-01 16:25:19 -Starting Servlet engine: [Apache Tomcat/9.0.37]
2023-04-01 16:25:19 -Loaded Apache Tomcat Native library [1.2.30] using APR version [1.7.0].
2023-04-01 16:25:19 -APR capabilities: IPv6 [true], sendfile [true], accept filters [false], random [true].
2023-04-01 16:25:19 -APR/OpenSSL configuration: useAprConnector [false], useOpenSSL [true]
2023-04-01 16:25:19 -OpenSSL successfully initialized [OpenSSL 1.1.1k  25 Mar 2021]
2023-04-01 16:25:19 -Initializing Spring embedded WebApplicationContext
2023-04-01 16:25:19 -Root WebApplicationContext: initialization completed in 517 ms
2023-04-01 16:25:20 -Initializing ExecutorService 'applicationTaskExecutor'
2023-04-01 16:25:20 -Starting ProtocolHandler ["http-nio-8000"]
2023-04-01 16:25:20 -Tomcat started on port(s): 8000 (http) with context path ''
2023-04-01 16:25:20 -Started ServiceApplication in 1.842 seconds (JVM running for 2.732)
2023-04-01 16:27:47 -Initializing Spring DispatcherServlet 'dispatcherServlet'
2023-04-01 16:27:47 -Initializing Servlet 'dispatcherServlet'
2023-04-01 16:27:47 -Completed initialization in 6 ms
2023-04-01 16:27:47 -HikariPool-1 - Starting...
2023-04-01 16:27:48 -HikariPool-1 - Start completed.
2023-04-01 16:54:03 -Starting ServiceApplication on DESKTOP-NI2BAP4 with PID 17636 (E:\IDEAWorkP\im-system\service\target\classes started by MasterCai in E:\IDEAWorkP\im-system)
2023-04-01 16:54:03 -The following profiles are active: dev
2023-04-01 16:54:04 -Tomcat initialized with port(s): 8000 (http)
2023-04-01 16:54:04 -Initializing ProtocolHandler ["http-nio-8000"]
2023-04-01 16:54:04 -Starting service [Tomcat]
2023-04-01 16:54:04 -Starting Servlet engine: [Apache Tomcat/9.0.37]
2023-04-01 16:54:04 -Loaded Apache Tomcat Native library [1.2.30] using APR version [1.7.0].
2023-04-01 16:54:04 -APR capabilities: IPv6 [true], sendfile [true], accept filters [false], random [true].
2023-04-01 16:54:04 -APR/OpenSSL configuration: useAprConnector [false], useOpenSSL [true]
2023-04-01 16:54:04 -OpenSSL successfully initialized [OpenSSL 1.1.1k  25 Mar 2021]
2023-04-01 16:54:04 -Initializing Spring embedded WebApplicationContext
2023-04-01 16:54:04 -Root WebApplicationContext: initialization completed in 602 ms
2023-04-01 16:54:05 -Initializing ExecutorService 'applicationTaskExecutor'
2023-04-01 16:54:05 -Starting ProtocolHandler ["http-nio-8000"]
2023-04-01 16:54:05 -Tomcat started on port(s): 8000 (http) with context path ''
2023-04-01 16:54:05 -Started ServiceApplication in 2.077 seconds (JVM running for 2.91)
2023-04-01 16:56:43 -Initializing Spring DispatcherServlet 'dispatcherServlet'
2023-04-01 16:56:43 -Initializing Servlet 'dispatcherServlet'
2023-04-01 16:56:43 -Completed initialization in 3 ms
2023-04-01 16:57:36 -HikariPool-1 - Starting...
2023-04-01 16:57:37 -HikariPool-1 - Start completed.
2023-04-01 21:41:40 -Starting ServiceApplication on DESKTOP-NI2BAP4 with PID 5500 (E:\IDEAWorkP\im-system\service\target\classes started by MasterCai in E:\IDEAWorkP\im-system)
2023-04-01 21:41:40 -The following profiles are active: dev
2023-04-01 21:41:41 -Tomcat initialized with port(s): 8000 (http)
2023-04-01 21:41:41 -Initializing ProtocolHandler ["http-nio-8000"]
2023-04-01 21:41:41 -Starting service [Tomcat]
2023-04-01 21:41:41 -Starting Servlet engine: [Apache Tomcat/9.0.37]
2023-04-01 21:41:41 -Loaded Apache Tomcat Native library [1.2.30] using APR version [1.7.0].
2023-04-01 21:41:41 -APR capabilities: IPv6 [true], sendfile [true], accept filters [false], random [true].
2023-04-01 21:41:41 -APR/OpenSSL configuration: useAprConnector [false], useOpenSSL [true]
2023-04-01 21:41:41 -OpenSSL successfully initialized [OpenSSL 1.1.1k  25 Mar 2021]
2023-04-01 21:41:41 -Initializing Spring embedded WebApplicationContext
2023-04-01 21:41:41 -Root WebApplicationContext: initialization completed in 712 ms
2023-04-01 21:41:42 -Initializing ExecutorService 'applicationTaskExecutor'
2023-04-01 21:41:42 -Starting ProtocolHandler ["http-nio-8000"]
2023-04-01 21:41:42 -Tomcat started on port(s): 8000 (http) with context path ''
2023-04-01 21:41:42 -Started ServiceApplication in 2.369 seconds (JVM running for 3.334)
2023-04-01 21:46:18 -Initializing Spring DispatcherServlet 'dispatcherServlet'
2023-04-01 21:46:18 -Initializing Servlet 'dispatcherServlet'
2023-04-01 21:46:18 -Completed initialization in 4 ms
2023-04-01 21:46:18 -HikariPool-1 - Starting...
2023-04-01 21:46:18 -HikariPool-1 - Start completed.
