2023-04-16 09:22:56 -Waiting for workers to finish.
2023-04-16 09:22:57 -Successfully waited for workers to finish.
2023-04-16 09:22:57 -Shutdown ignored - container is not active already
2023-04-16 09:22:57 -Shutting down ExecutorService 'applicationTaskExecutor'
2023-04-16 09:23:02 -HikariPool-1 - Shutdown initiated...
2023-04-16 09:23:02 -HikariPool-1 - Shutdown completed.
2023-04-16 09:23:46 -Starting ServiceApplication on DESKTOP-NI2BAP4 with PID 1252 (E:\IDEAWorkP\im-system\service\target\classes started by MasterCai in E:\IDEAWorkP\im-system)
2023-04-16 09:23:46 -The following profiles are active: dev
2023-04-16 09:23:46 -Multiple Spring Data modules found, entering strict repository configuration mode!
2023-04-16 09:23:46 -Bootstrapping Spring Data Redis repositories in DEFAULT mode.
2023-04-16 09:23:46 -Finished Spring Data repository scanning in 15ms. Found 0 Redis repository interfaces.
2023-04-16 09:23:46 -Tomcat initialized with port(s): 8000 (http)
2023-04-16 09:23:46 -Initializing ProtocolHandler ["http-nio-8000"]
2023-04-16 09:23:46 -Starting service [Tomcat]
2023-04-16 09:23:46 -Starting Servlet engine: [Apache Tomcat/9.0.37]
2023-04-16 09:23:46 -Loaded Apache Tomcat Native library [1.2.30] using APR version [1.7.0].
2023-04-16 09:23:46 -APR capabilities: IPv6 [true], sendfile [true], accept filters [false], random [true].
2023-04-16 09:23:46 -APR/OpenSSL configuration: useAprConnector [false], useOpenSSL [true]
2023-04-16 09:23:46 -OpenSSL successfully initialized [OpenSSL 1.1.1k  25 Mar 2021]
2023-04-16 09:23:46 -Initializing Spring embedded WebApplicationContext
2023-04-16 09:23:46 -Root WebApplicationContext: initialization completed in 869 ms
2023-04-16 09:23:48 -Initializing ExecutorService 'applicationTaskExecutor'
2023-04-16 09:23:49 -Starting ProtocolHandler ["http-nio-8000"]
2023-04-16 09:23:49 -Tomcat started on port(s): 8000 (http) with context path ''
2023-04-16 09:23:49 -Attempting to connect to: [localhost:5672]
2023-04-16 09:23:49 -Created new connection: rabbitConnectionFactory#743d0d44:0/SimpleConnection@5d800a56 [delegate=amqp://guest@127.0.0.1:5672/, localPort= 54670]
2023-04-16 09:23:49 -Started ServiceApplication in 3.489 seconds (JVM running for 4.347)
2023-04-16 09:24:47 -chat msg from queue :: {"toId":"cgz7","clientType":1,"messageBody":"1234235","appId":10000,"messageId":"bb634d3e-fea0-4a47-8100-bbf55483aace","imei":"123","fromId":"cgz5","command":1103}
2023-04-16 09:24:47 -HikariPool-1 - Starting...
2023-04-16 09:24:47 -HikariPool-1 - Start completed.
2023-04-16 09:26:14 -HikariPool-1 - Thread starvation or clock leap detected (housekeeper delta=1m57s79ms91µs400ns).
2023-04-16 09:26:26 -msg ack,msgId=bb634d3e-fea0-4a47-8100-bbf55483aace,checkResult30004
2023-04-16 09:26:27 -send message == {"appId":10000,"clientType":1,"command":1046,"data":{"msg":"好友已被删除","code":30004,"data":{"messageId":"bb634d3e-fea0-4a47-8100-bbf55483aace"},"ok":false},"imei":"123","toId":"cgz5"}
2023-04-16 09:29:14 -HikariPool-1 - Thread starvation or clock leap detected (housekeeper delta=2m28s623ms88µs200ns).
2023-04-16 09:29:14 -An unexpected connection driver error occured (Exception message: Connection reset)
2023-04-16 09:29:14 -Channel shutdown: connection error
2023-04-16 09:29:14 -Channel shutdown: connection error
2023-04-16 09:29:14 -Channel shutdown: connection error
2023-04-16 09:29:14 -Channel shutdown: connection error
2023-04-16 09:29:14 -Channel shutdown: connection error
2023-04-16 09:29:14 -Channel shutdown: connection error
2023-04-16 09:29:14 -Waiting for workers to finish.
2023-04-16 09:29:14 -Successfully waited for workers to finish.
2023-04-16 09:29:14 -Shutdown ignored - container is not active already
2023-04-16 09:29:14 -Shutting down ExecutorService 'applicationTaskExecutor'
2023-04-16 09:32:02 -Starting ServiceApplication on DESKTOP-NI2BAP4 with PID 26268 (E:\IDEAWorkP\im-system\service\target\classes started by MasterCai in E:\IDEAWorkP\im-system)
2023-04-16 09:32:02 -The following profiles are active: dev
2023-04-16 09:32:02 -Multiple Spring Data modules found, entering strict repository configuration mode!
2023-04-16 09:32:02 -Bootstrapping Spring Data Redis repositories in DEFAULT mode.
2023-04-16 09:32:02 -Finished Spring Data repository scanning in 14ms. Found 0 Redis repository interfaces.
2023-04-16 09:32:02 -Tomcat initialized with port(s): 8000 (http)
2023-04-16 09:32:02 -Initializing ProtocolHandler ["http-nio-8000"]
2023-04-16 09:32:02 -Starting service [Tomcat]
2023-04-16 09:32:02 -Starting Servlet engine: [Apache Tomcat/9.0.37]
2023-04-16 09:32:02 -Loaded Apache Tomcat Native library [1.2.30] using APR version [1.7.0].
2023-04-16 09:32:02 -APR capabilities: IPv6 [true], sendfile [true], accept filters [false], random [true].
2023-04-16 09:32:02 -APR/OpenSSL configuration: useAprConnector [false], useOpenSSL [true]
2023-04-16 09:32:02 -OpenSSL successfully initialized [OpenSSL 1.1.1k  25 Mar 2021]
2023-04-16 09:32:02 -Initializing Spring embedded WebApplicationContext
2023-04-16 09:32:02 -Root WebApplicationContext: initialization completed in 806 ms
2023-04-16 09:32:04 -Initializing ExecutorService 'applicationTaskExecutor'
2023-04-16 09:32:04 -Starting ProtocolHandler ["http-nio-8000"]
2023-04-16 09:32:05 -Tomcat started on port(s): 8000 (http) with context path ''
2023-04-16 09:32:05 -Attempting to connect to: [localhost:5672]
2023-04-16 09:32:05 -Created new connection: rabbitConnectionFactory#18ffca6c:0/SimpleConnection@34e990cc [delegate=amqp://guest@127.0.0.1:5672/, localPort= 55503]
2023-04-16 09:32:05 -Started ServiceApplication in 3.306 seconds (JVM running for 4.184)
2023-04-16 09:33:31 -chat msg from queue :: {"toId":"cgz7","clientType":1,"messageBody":"43646436","appId":10000,"messageId":"fff3e89b-3413-4344-8120-bfa050161337","imei":"1234","fromId":"cgz5","command":1103}
2023-04-16 09:33:31 -HikariPool-1 - Starting...
2023-04-16 09:33:31 -HikariPool-1 - Start completed.
2023-04-16 09:33:31 -msg ack,msgId=fff3e89b-3413-4344-8120-bfa050161337,checkResult30004
2023-04-16 09:33:32 -send message == {"appId":10000,"clientType":1,"command":1046,"data":{"msg":"好友已被删除","code":30004,"data":{"messageId":"fff3e89b-3413-4344-8120-bfa050161337"},"ok":false},"imei":"1234","toId":"cgz5"}
2023-04-16 09:36:02 -Waiting for workers to finish.
2023-04-16 09:36:03 -Successfully waited for workers to finish.
2023-04-16 09:36:03 -Shutdown ignored - container is not active already
2023-04-16 09:36:03 -Shutting down ExecutorService 'applicationTaskExecutor'
2023-04-16 09:36:08 -HikariPool-1 - Shutdown initiated...
2023-04-16 09:36:08 -HikariPool-1 - Shutdown completed.
2023-04-16 09:38:30 -Starting ServiceApplication on DESKTOP-NI2BAP4 with PID 24388 (E:\IDEAWorkP\im-system\service\target\classes started by MasterCai in E:\IDEAWorkP\im-system)
2023-04-16 09:38:30 -The following profiles are active: dev
2023-04-16 09:38:31 -Multiple Spring Data modules found, entering strict repository configuration mode!
2023-04-16 09:38:31 -Bootstrapping Spring Data Redis repositories in DEFAULT mode.
2023-04-16 09:38:31 -Finished Spring Data repository scanning in 14ms. Found 0 Redis repository interfaces.
2023-04-16 09:38:31 -Tomcat initialized with port(s): 8000 (http)
2023-04-16 09:38:31 -Initializing ProtocolHandler ["http-nio-8000"]
2023-04-16 09:38:31 -Starting service [Tomcat]
2023-04-16 09:38:31 -Starting Servlet engine: [Apache Tomcat/9.0.37]
2023-04-16 09:38:31 -Loaded Apache Tomcat Native library [1.2.30] using APR version [1.7.0].
2023-04-16 09:38:31 -APR capabilities: IPv6 [true], sendfile [true], accept filters [false], random [true].
2023-04-16 09:38:31 -APR/OpenSSL configuration: useAprConnector [false], useOpenSSL [true]
2023-04-16 09:38:31 -OpenSSL successfully initialized [OpenSSL 1.1.1k  25 Mar 2021]
2023-04-16 09:38:31 -Initializing Spring embedded WebApplicationContext
2023-04-16 09:38:31 -Root WebApplicationContext: initialization completed in 819 ms
2023-04-16 09:38:33 -Initializing ExecutorService 'applicationTaskExecutor'
2023-04-16 09:38:33 -Starting ProtocolHandler ["http-nio-8000"]
2023-04-16 09:38:33 -Tomcat started on port(s): 8000 (http) with context path ''
2023-04-16 09:38:33 -Attempting to connect to: [localhost:5672]
2023-04-16 09:38:33 -Created new connection: rabbitConnectionFactory#539c4830:0/SimpleConnection@7717b4a0 [delegate=amqp://guest@127.0.0.1:5672/, localPort= 56277]
2023-04-16 09:38:33 -Started ServiceApplication in 3.331 seconds (JVM running for 4.25)
2023-04-16 09:40:01 -chat msg from queue :: {"toId":"cgz7","clientType":1,"messageBody":"21424","appId":10000,"messageId":"b669e5a2-db5a-4ef8-893c-1d7b9793dfef","imei":"12432","fromId":"cgz5","command":1103}
2023-04-16 09:40:01 -HikariPool-1 - Starting...
2023-04-16 09:40:01 -HikariPool-1 - Start completed.
2023-04-16 09:40:01 -msg ack,msgId=b669e5a2-db5a-4ef8-893c-1d7b9793dfef,checkResult200
2023-04-16 09:40:02 -send message == {"appId":10000,"clientType":1,"command":1046,"data":{"msg":"success","code":200,"data":{"messageId":"b669e5a2-db5a-4ef8-893c-1d7b9793dfef"},"ok":true},"imei":"12432","toId":"cgz5"}
2023-04-16 09:40:02 -send message == {"appId":10000,"clientType":1,"command":1103,"data":{"toId":"cgz7","clientType":1,"messageBody":"21424","appId":10000,"imei":"12432","messageId":"b669e5a2-db5a-4ef8-893c-1d7b9793dfef","fromId":"cgz5"},"imei":"12334","toId":"cgz7"}
2023-04-16 09:40:02 -chat msg from queue :: {"toId":"cgz5","clientType":1,"appId":10000,"messageId":"b669e5a2-db5a-4ef8-893c-1d7b9793dfef","imei":"12334","fromId":"cgz7","command":1107}
2023-04-16 09:40:02 -chat msg from queue :: {"toId":"cgz5","conversationType":0,"clientType":1,"appId":10000,"imei":"12334","fromId":"cgz7","command":1106}
2023-04-16 09:40:15 -chat msg from queue :: {"toId":"cgz5","clientType":1,"messageBody":"hrtdhtdrh","appId":10000,"messageId":"965e4b76-39a1-499e-8564-4e39362b448d","imei":"12334","fromId":"cgz7","command":1103}
2023-04-16 09:40:15 -msg ack,msgId=965e4b76-39a1-499e-8564-4e39362b448d,checkResult200
2023-04-16 09:40:15 -send message == {"appId":10000,"clientType":1,"command":1046,"data":{"msg":"success","code":200,"data":{"messageId":"965e4b76-39a1-499e-8564-4e39362b448d"},"ok":true},"imei":"12334","toId":"cgz7"}
2023-04-16 09:40:15 -send message == {"appId":10000,"clientType":1,"command":1103,"data":{"toId":"cgz5","clientType":1,"messageBody":"hrtdhtdrh","appId":10000,"imei":"12334","messageId":"965e4b76-39a1-499e-8564-4e39362b448d","fromId":"cgz7"},"imei":"12432","toId":"cgz5"}
2023-04-16 09:40:15 -chat msg from queue :: {"toId":"cgz7","conversationType":0,"clientType":1,"appId":10000,"imei":"12432","fromId":"cgz5","command":1106}
2023-04-16 09:40:15 -chat msg from queue :: {"toId":"cgz7","clientType":1,"appId":10000,"messageId":"965e4b76-39a1-499e-8564-4e39362b448d","imei":"12432","fromId":"cgz5","command":1107}
2023-04-16 09:40:21 -chat msg from queue :: {"toId":"cgz5","clientType":1,"messageBody":"fjkgykmygkm","appId":10000,"messageId":"20eab5af-cc8f-4c84-87b1-5971209d6ab6","imei":"12334","fromId":"cgz7","command":1103}
2023-04-16 09:40:21 -msg ack,msgId=20eab5af-cc8f-4c84-87b1-5971209d6ab6,checkResult200
2023-04-16 09:40:21 -send message == {"appId":10000,"clientType":1,"command":1046,"data":{"msg":"success","code":200,"data":{"messageId":"20eab5af-cc8f-4c84-87b1-5971209d6ab6"},"ok":true},"imei":"12334","toId":"cgz7"}
2023-04-16 09:40:21 -send message == {"appId":10000,"clientType":1,"command":1103,"data":{"toId":"cgz5","clientType":1,"messageBody":"fjkgykmygkm","appId":10000,"imei":"12334","messageId":"20eab5af-cc8f-4c84-87b1-5971209d6ab6","fromId":"cgz7"},"imei":"12432","toId":"cgz5"}
2023-04-16 09:40:21 -chat msg from queue :: {"toId":"cgz7","clientType":1,"appId":10000,"messageId":"20eab5af-cc8f-4c84-87b1-5971209d6ab6","imei":"12432","fromId":"cgz5","command":1107}
2023-04-16 09:40:21 -chat msg from queue :: {"toId":"cgz7","conversationType":0,"clientType":1,"appId":10000,"imei":"12432","fromId":"cgz5","command":1106}
2023-04-16 09:40:25 -chat msg from queue :: {"toId":"cgz5","clientType":1,"messageBody":"帅哥帅哥","appId":10000,"messageId":"e2d093c2-4a74-4c90-8f89-ee1b853d8744","imei":"12334","fromId":"cgz7","command":1103}
2023-04-16 09:40:25 -msg ack,msgId=e2d093c2-4a74-4c90-8f89-ee1b853d8744,checkResult200
2023-04-16 09:40:25 -send message == {"appId":10000,"clientType":1,"command":1046,"data":{"msg":"success","code":200,"data":{"messageId":"e2d093c2-4a74-4c90-8f89-ee1b853d8744"},"ok":true},"imei":"12334","toId":"cgz7"}
2023-04-16 09:40:25 -send message == {"appId":10000,"clientType":1,"command":1103,"data":{"toId":"cgz5","clientType":1,"messageBody":"帅哥帅哥","appId":10000,"imei":"12334","messageId":"e2d093c2-4a74-4c90-8f89-ee1b853d8744","fromId":"cgz7"},"imei":"12432","toId":"cgz5"}
2023-04-16 09:40:25 -chat msg from queue :: {"toId":"cgz7","clientType":1,"appId":10000,"messageId":"e2d093c2-4a74-4c90-8f89-ee1b853d8744","imei":"12432","fromId":"cgz5","command":1107}
2023-04-16 09:40:25 -chat msg from queue :: {"toId":"cgz7","conversationType":0,"clientType":1,"appId":10000,"imei":"12432","fromId":"cgz5","command":1106}
2023-04-16 09:41:05 -Waiting for workers to finish.
2023-04-16 09:41:06 -Successfully waited for workers to finish.
2023-04-16 09:41:07 -Shutdown ignored - container is not active already
2023-04-16 09:41:07 -Shutting down ExecutorService 'applicationTaskExecutor'
2023-04-16 09:41:11 -HikariPool-1 - Shutdown initiated...
2023-04-16 09:41:11 -HikariPool-1 - Shutdown completed.
